<?xml version="1.0" encoding="UTF-8"?>
<!-- Generated by org.testng.reporters.JUnitReportReporter -->
<testsuite hostname="DESKTOP-H8DBM2L" failures="0" tests="3" name="TestNG.FaceBookTestNG" time="21.875" errors="0" timestamp="2023-02-19T00:02:44 IST" skipped="0">
  <testcase classname="TestNG.FaceBookTestNG" name="verifyPrivacyPolicyLink" time="10.194"/>
  <system-out/>
  <testcase classname="TestNG.FaceBookTestNG" name="verifytermsLink" time="4.636"/>
  <system-out/>
  <testcase classname="TestNG.FaceBookTestNG" name="verifycookiesPolicyLink" time="7.045"/>
  <system-out/>
</testsuite> <!-- TestNG.FaceBookTestNG -->
