<?xml version="1.0" encoding="UTF-8"?>
<!-- Generated by org.testng.reporters.JUnitReportReporter -->
<testsuite hostname="DESKTOP-H8DBM2L" failures="0" tests="8" name="TestNG.FBcrome" time="45.379" errors="0" timestamp="2023-03-02T20:00:19 IST" skipped="2">
  <testcase classname="TestNG.FBcrome" name="verifyPrivacyPolicyLink" time="8.724"/>
  <system-out/>
  <testcase classname="TestNG.FBcrome" name="verifytermsLink" time="6.179"/>
  <system-out/>
  <testcase classname="TestNG.FBcrome" name="verifycookiesPolicyLink" time="6.154"/>
  <system-out/>
  <testcase classname="TestNG.FBcrome" name="verifytermsLink" time="7.548"/>
  <system-out/>
  <testcase classname="TestNG.FBcrome" name="verifycookiesPolicyLink" time="7.013"/>
  <system-out/>
  <testcase classname="TestNG.FBcrome" name="verifyPrivacyPolicyLink" time="9.761"/>
  <system-out/>
  <testcase classname="TestNG.FBcrome" name="signIn">
    <skipped/>
  </testcase> <!-- signIn -->
  <system-out/>
  <testcase classname="TestNG.FBcrome" name="signIn">
    <skipped/>
  </testcase> <!-- signIn -->
  <system-out/>
</testsuite> <!-- TestNG.FBcrome -->
