<?xml version="1.0" encoding="UTF-8"?>
<!-- Generated by org.testng.reporters.JUnitReportReporter -->
<testsuite hostname="DESKTOP-H8DBM2L" failures="0" tests="1" name="TestNG.FaceBookLearnNG" time="4.259" errors="0" timestamp="2023-02-14T23:46:35 IST" skipped="0">
  <testcase classname="TestNG.FaceBookLearnNG" name="verifyPrivacyPolicyLink" time="4.259"/>
  <system-out/>
</testsuite> <!-- TestNG.FaceBookLearnNG -->
